Protection seed: '2296988495'
WARN: Failed to find '/Users/srinivaspanda/Documents/development/Test/demoswiftapp/build' that was excluded from copying.
Protecting - copying modified files to the protected folder...
328 msec
Protecting - running the source obfuscation process...
WARN: Failed to find profiling data. The protected application may be slow.
Protection settings seed: '2296988495'
Protecting - building the protected source...
Dropping marker information from the database... 
Done.
Getting data from additional databases... 
Done.
--- xcodebuild: WARNING: Using the first of multiple matching destinations:
{ platform:iOS, id:dvtdevice-DVTiPhonePlaceholder-iphoneos:placeholder, name:Any iOS Device }
{ platform:macOS, arch:arm64, variant:Designed for [iPad,iPhone], id:00008103-000A04583A3B001E }
{ platform:iOS Simulator, id:dvtdevice-DVTiOSDeviceSimulatorPlaceholder-iphonesimulator:placeholder, name:Any iOS Simulator Device }
{ platform:iOS Simulator, id:53C677D0-2988-4E85-A746-9B37171B1E80, OS:16.1, name:iPad (10th generation) }
{ platform:iOS Simulator, id:4060136A-1962-432D-8144-CE0FD2603858, OS:16.1, name:iPad Air (5th generation) }
{ platform:iOS Simulator, id:40F4B7E2-971F-4F56-9BF0-FB413F4A7041, OS:16.1, name:iPad Pro (11-inch) (4th generation) }
{ platform:iOS Simulator, id:0C2F3138-3AB6-4FA6-8427-9A2C1DE80002, OS:16.1, name:iPad Pro (12.9-inch) (6th generation) }
{ platform:iOS Simulator, id:26E482F8-B1B3-4A64-A422-9424BE713D10, OS:16.1, name:iPad mini (6th generation) }
{ platform:iOS Simulator, id:329DDB12-739D-4568-83DB-ADA2FA212454, OS:16.1, name:iPhone 14 }
{ platform:iOS Simulator, id:76B101E9-B1B0-40A9-AAAB-483165AEB146, OS:16.1, name:iPhone 14 Plus }
{ platform:iOS Simulator, id:9F3137BE-E783-4A8F-8537-F86E2873780C, OS:16.1, name:iPhone 14 Pro }
{ platform:iOS Simulator, id:C0298916-51E7-4236-A0E3-40CC79FC8721, OS:16.1, name:iPhone 14 Pro Max }
{ platform:iOS Simulator, id:CA17FA7C-02B2-4A4B-9217-07A6FE184D14, OS:16.1, name:iPhone SE (3rd generation) }
--- xcodebuild: WARNING: Using the first of multiple matching destinations:
{ platform:iOS, id:dvtdevice-DVTiPhonePlaceholder-iphoneos:placeholder, name:Any iOS Device }
{ platform:macOS, arch:arm64, variant:Designed for [iPad,iPhone], id:00008103-000A04583A3B001E }
{ platform:iOS Simulator, id:dvtdevice-DVTiOSDeviceSimulatorPlaceholder-iphonesimulator:placeholder, name:Any iOS Simulator Device }
{ platform:iOS Simulator, id:53C677D0-2988-4E85-A746-9B37171B1E80, OS:16.1, name:iPad (10th generation) }
{ platform:iOS Simulator, id:4060136A-1962-432D-8144-CE0FD2603858, OS:16.1, name:iPad Air (5th generation) }
{ platform:iOS Simulator, id:40F4B7E2-971F-4F56-9BF0-FB413F4A7041, OS:16.1, name:iPad Pro (11-inch) (4th generation) }
{ platform:iOS Simulator, id:0C2F3138-3AB6-4FA6-8427-9A2C1DE80002, OS:16.1, name:iPad Pro (12.9-inch) (6th generation) }
{ platform:iOS Simulator, id:26E482F8-B1B3-4A64-A422-9424BE713D10, OS:16.1, name:iPad mini (6th generation) }
{ platform:iOS Simulator, id:329DDB12-739D-4568-83DB-ADA2FA212454, OS:16.1, name:iPhone 14 }
{ platform:iOS Simulator, id:76B101E9-B1B0-40A9-AAAB-483165AEB146, OS:16.1, name:iPhone 14 Plus }
{ platform:iOS Simulator, id:9F3137BE-E783-4A8F-8537-F86E2873780C, OS:16.1, name:iPhone 14 Pro }
{ platform:iOS Simulator, id:C0298916-51E7-4236-A0E3-40CC79FC8721, OS:16.1, name:iPhone 14 Pro Max }
{ platform:iOS Simulator, id:CA17FA7C-02B2-4A4B-9217-07A6FE184D14, OS:16.1, name:iPhone SE (3rd generation) }
**********************************************************************************
                                     WARNING!
**********************************************************************************
You are running Xcode Command Line Tools version 14.1.0, which is above
the currently supported version 14.0.255. Use this version at your own discretion.
**********************************************************************************

Clang location: /Applications/Xcode.app/Contents/Developer/Toolchains/XcodeDefault.xctoolchain/usr/bin
Command line invocation:
    /Applications/Xcode.app/Contents/Developer/usr/bin/xcodebuild clean build -project /Users/srinivaspanda/Documents/development/Test/demoswiftapp_protected/demoswiftapp.xcodeproj -scheme demoswiftapp -destination generic/platform=iOS -derivedDataPath /Users/srinivaspanda/Documents/development/Test/demoswiftapp_protected/build -IDEBuildOperationMaxNumberOfConcurrentCompileTasks=8 GCC_PRECOMPILE_PREFIX_HEADER=NO RUN_CLANG_STATIC_ANALYZER=NO MODULE_CACHE_DIR=/Users/srinivaspanda/Library/Developer/Xcode/DerivedData/ModuleCache.noindex STRIP_INSTALLED_PRODUCT=YES STRIP_SWIFT_SYMBOLS=YES DEBUG_INFORMATION_FORMAT=dwarf-with-dsym DEPLOYMENT_POSTPROCESSING=YES ENABLE_BITCODE=NO "SWIFT_EXEC=/Applications/Code Protection.app/Contents/MacOS/scp-bc-swiftc" "CC=/Applications/Code Protection.app/Contents/MacOS/scp-bc-clang" "CXX=/Applications/Code Protection.app/Contents/MacOS/scp-bc-clang++" "LD=/Applications/Code Protection.app/Contents/MacOS/scp-bc-ld" "LDPLUSPLUS=/Applications/Code Protection.app/Contents/MacOS/scp-bc-ld++" "LIPO=/Applications/Code Protection.app/Contents/MacOS/scp-bc-lipo"

User defaults from command line:
    IDEBuildOperationMaxNumberOfConcurrentCompileTasks = 8
    IDEDerivedDataPathOverride = /Users/srinivaspanda/Documents/development/Test/demoswiftapp_protected/build
    IDEPackageSupportUseBuiltinSCM = YES

Build settings from command line:
    CC = /Applications/Code Protection.app/Contents/MacOS/scp-bc-clang
    CXX = /Applications/Code Protection.app/Contents/MacOS/scp-bc-clang++
    DEBUG_INFORMATION_FORMAT = dwarf-with-dsym
    DEPLOYMENT_POSTPROCESSING = YES
    ENABLE_BITCODE = NO
    GCC_PRECOMPILE_PREFIX_HEADER = NO
    LD = /Applications/Code Protection.app/Contents/MacOS/scp-bc-ld
    LDPLUSPLUS = /Applications/Code Protection.app/Contents/MacOS/scp-bc-ld++
    LIPO = /Applications/Code Protection.app/Contents/MacOS/scp-bc-lipo
    MODULE_CACHE_DIR = /Users/srinivaspanda/Library/Developer/Xcode/DerivedData/ModuleCache.noindex
    RUN_CLANG_STATIC_ANALYZER = NO
    STRIP_INSTALLED_PRODUCT = YES
    STRIP_SWIFT_SYMBOLS = YES
    SWIFT_EXEC = /Applications/Code Protection.app/Contents/MacOS/scp-bc-swiftc

Build Preparation
Build task concurrency set to 8 via user default IDEBuildOperationMaxNumberOfConcurrentCompileTasks

** CLEAN SUCCEEDED **

Prepare packages

Build Preparation
Build task concurrency set to 8 via user default IDEBuildOperationMaxNumberOfConcurrentCompileTasks

Computing target dependency graph and provisioning inputs

Create build description
Build description signature: 86ae89439a501ef8008b26e3e09ffb18
Build description path: /Users/srinivaspanda/Documents/development/Test/demoswiftapp_protected/build/Build/Intermediates.noindex/XCBuildData/86ae89439a501ef8008b26e3e09ffb18-desc.xcbuild

note: Building targets in dependency order
CreateBuildDirectory /Users/srinivaspanda/Documents/development/Test/demoswiftapp_protected/build/Build/Products
    cd /Users/srinivaspanda/Documents/development/Test/demoswiftapp_protected/demoswiftapp.xcodeproj
    builtin-create-build-directory /Users/srinivaspanda/Documents/development/Test/demoswiftapp_protected/build/Build/Products

CreateBuildDirectory /Users/srinivaspanda/Documents/development/Test/demoswiftapp_protected/build/Build/Intermediates.noindex
    cd /Users/srinivaspanda/Documents/development/Test/demoswiftapp_protected/demoswiftapp.xcodeproj
    builtin-create-build-directory /Users/srinivaspanda/Documents/development/Test/demoswiftapp_protected/build/Build/Intermediates.noindex

CreateBuildDirectory /Users/srinivaspanda/Documents/development/Test/demoswiftapp_protected/build/Build/Products/Debug-iphoneos
    cd /Users/srinivaspanda/Documents/development/Test/demoswiftapp_protected/demoswiftapp.xcodeproj
    builtin-create-build-directory /Users/srinivaspanda/Documents/development/Test/demoswiftapp_protected/build/Build/Products/Debug-iphoneos

CreateBuildDirectory /Users/srinivaspanda/Documents/development/Test/demoswiftapp_protected/build/Build/Intermediates.noindex/EagerLinkingTBDs
    cd /Users/srinivaspanda/Documents/development/Test/demoswiftapp_protected/demoswiftapp.xcodeproj
    builtin-create-build-directory /Users/srinivaspanda/Documents/development/Test/demoswiftapp_protected/build/Build/Intermediates.noindex/EagerLinkingTBDs

MkDir /Users/srinivaspanda/Documents/development/Test/demoswiftapp_protected/build/Build/Products/Debug-iphoneos/demoswiftapp.app (in target 'demoswiftapp' from project 'demoswiftapp')
    cd /Users/srinivaspanda/Documents/development/Test/demoswiftapp_protected
    /bin/mkdir -p /Users/srinivaspanda/Documents/development/Test/demoswiftapp_protected/build/Build/Products/Debug-iphoneos/demoswiftapp.app

ProcessProductPackaging /Users/srinivaspanda/Library/MobileDevice/Provisioning\ Profiles/e1161829-06b3-429c-a80d-04821343d1cc.mobileprovision /Users/srinivaspanda/Documents/development/Test/demoswiftapp_protected/build/Build/Products/Debug-iphoneos/demoswiftapp.app/embedded.mobileprovision (in target 'demoswiftapp' from project 'demoswiftapp')
    cd /Users/srinivaspanda/Documents/development/Test/demoswiftapp_protected
    builtin-productPackagingUtility /Users/srinivaspanda/Library/MobileDevice/Provisioning\ Profiles/e1161829-06b3-429c-a80d-04821343d1cc.mobileprovision -o /Users/srinivaspanda/Documents/development/Test/demoswiftapp_protected/build/Build/Products/Debug-iphoneos/demoswiftapp.app/embedded.mobileprovision

WriteAuxiliaryFile /Users/srinivaspanda/Documents/development/Test/demoswiftapp_protected/build/Build/Intermediates.noindex/demoswiftapp.build/Debug-iphoneos/demoswiftapp.build/DerivedSources/Entitlements.plist (in target 'demoswiftapp' from project 'demoswiftapp')
    cd /Users/srinivaspanda/Documents/development/Test/demoswiftapp_protected
    write-file /Users/srinivaspanda/Documents/development/Test/demoswiftapp_protected/build/Build/Intermediates.noindex/demoswiftapp.build/Debug-iphoneos/demoswiftapp.build/DerivedSources/Entitlements.plist

ProcessProductPackaging "" /Users/srinivaspanda/Documents/development/Test/demoswiftapp_protected/build/Build/Intermediates.noindex/demoswiftapp.build/Debug-iphoneos/demoswiftapp.build/demoswiftapp.app.xcent (in target 'demoswiftapp' from project 'demoswiftapp')
    cd /Users/srinivaspanda/Documents/development/Test/demoswiftapp_protected
    
    Entitlements:
    
    {
    "application-identifier" = "6SDVRX3AVX.com.spandacompany.demoswiftapp";
    "com.apple.developer.team-identifier" = 6SDVRX3AVX;
    "get-task-allow" = 1;
}
    
    builtin-productPackagingUtility -entitlements -format xml -o /Users/srinivaspanda/Documents/development/Test/demoswiftapp_protected/build/Build/Intermediates.noindex/demoswiftapp.build/Debug-iphoneos/demoswiftapp.build/demoswiftapp.app.xcent

ProcessProductPackagingDER /Users/srinivaspanda/Documents/development/Test/demoswiftapp_protected/build/Build/Intermediates.noindex/demoswiftapp.build/Debug-iphoneos/demoswiftapp.build/demoswiftapp.app.xcent /Users/srinivaspanda/Documents/development/Test/demoswiftapp_protected/build/Build/Intermediates.noindex/demoswiftapp.build/Debug-iphoneos/demoswiftapp.build/demoswiftapp.app.xcent.der (in target 'demoswiftapp' from project 'demoswiftapp')
    cd /Users/srinivaspanda/Documents/development/Test/demoswiftapp_protected
    /usr/bin/derq query -f xml -i /Users/srinivaspanda/Documents/development/Test/demoswiftapp_protected/build/Build/Intermediates.noindex/demoswiftapp.build/Debug-iphoneos/demoswiftapp.build/demoswiftapp.app.xcent -o /Users/srinivaspanda/Documents/development/Test/demoswiftapp_protected/build/Build/Intermediates.noindex/demoswiftapp.build/Debug-iphoneos/demoswiftapp.build/demoswiftapp.app.xcent.der --raw

WriteAuxiliaryFile /Users/srinivaspanda/Documents/development/Test/demoswiftapp_protected/build/Build/Intermediates.noindex/demoswiftapp.build/Debug-iphoneos/demoswiftapp.build/demoswiftapp-project-headers.hmap (in target 'demoswiftapp' from project 'demoswiftapp')
    cd /Users/srinivaspanda/Documents/development/Test/demoswiftapp_protected
    write-file /Users/srinivaspanda/Documents/development/Test/demoswiftapp_protected/build/Build/Intermediates.noindex/demoswiftapp.build/Debug-iphoneos/demoswiftapp.build/demoswiftapp-project-headers.hmap

WriteAuxiliaryFile /Users/srinivaspanda/Documents/development/Test/demoswiftapp_protected/build/Build/Intermediates.noindex/demoswiftapp.build/Debug-iphoneos/demoswiftapp.build/demoswiftapp.hmap (in target 'demoswiftapp' from project 'demoswiftapp')
    cd /Users/srinivaspanda/Documents/development/Test/demoswiftapp_protected
    write-file /Users/srinivaspanda/Documents/development/Test/demoswiftapp_protected/build/Build/Intermediates.noindex/demoswiftapp.build/Debug-iphoneos/demoswiftapp.build/demoswiftapp.hmap

WriteAuxiliaryFile /Users/srinivaspanda/Documents/development/Test/demoswiftapp_protected/build/Build/Intermediates.noindex/demoswiftapp.build/Debug-iphoneos/demoswiftapp.build/demoswiftapp-generated-files.hmap (in target 'demoswiftapp' from project 'demoswiftapp')
    cd /Users/srinivaspanda/Documents/development/Test/demoswiftapp_protected
    write-file /Users/srinivaspanda/Documents/development/Test/demoswiftapp_protected/build/Build/Intermediates.noindex/demoswiftapp.build/Debug-iphoneos/demoswiftapp.build/demoswiftapp-generated-files.hmap

WriteAuxiliaryFile /Users/srinivaspanda/Documents/development/Test/demoswiftapp_protected/build/Build/Intermediates.noindex/demoswiftapp.build/Debug-iphoneos/demoswiftapp.build/demoswiftapp-own-target-headers.hmap (in target 'demoswiftapp' from project 'demoswiftapp')
    cd /Users/srinivaspanda/Documents/development/Test/demoswiftapp_protected
    write-file /Users/srinivaspanda/Documents/development/Test/demoswiftapp_protected/build/Build/Intermediates.noindex/demoswiftapp.build/Debug-iphoneos/demoswiftapp.build/demoswiftapp-own-target-headers.hmap

WriteAuxiliaryFile /Users/srinivaspanda/Documents/development/Test/demoswiftapp_protected/build/Build/Intermediates.noindex/demoswiftapp.build/Debug-iphoneos/demoswiftapp.build/all-product-headers.yaml (in target 'demoswiftapp' from project 'demoswiftapp')
    cd /Users/srinivaspanda/Documents/development/Test/demoswiftapp_protected
    write-file /Users/srinivaspanda/Documents/development/Test/demoswiftapp_protected/build/Build/Intermediates.noindex/demoswiftapp.build/Debug-iphoneos/demoswiftapp.build/all-product-headers.yaml

WriteAuxiliaryFile /Users/srinivaspanda/Documents/development/Test/demoswiftapp_protected/build/Build/Intermediates.noindex/demoswiftapp.build/Debug-iphoneos/demoswiftapp.build/demoswiftapp-all-target-headers.hmap (in target 'demoswiftapp' from project 'demoswiftapp')
    cd /Users/srinivaspanda/Documents/development/Test/demoswiftapp_protected
    write-file /Users/srinivaspanda/Documents/development/Test/demoswiftapp_protected/build/Build/Intermediates.noindex/demoswiftapp.build/Debug-iphoneos/demoswiftapp.build/demoswiftapp-all-target-headers.hmap

WriteAuxiliaryFile /Users/srinivaspanda/Documents/development/Test/demoswiftapp_protected/build/Build/Intermediates.noindex/demoswiftapp.build/Debug-iphoneos/demoswiftapp.build/demoswiftapp-all-non-framework-target-headers.hmap (in target 'demoswiftapp' from project 'demoswiftapp')
    cd /Users/srinivaspanda/Documents/development/Test/demoswiftapp_protected
    write-file /Users/srinivaspanda/Documents/development/Test/demoswiftapp_protected/build/Build/Intermediates.noindex/demoswiftapp.build/Debug-iphoneos/demoswiftapp.build/demoswiftapp-all-non-framework-target-headers.hmap

WriteAuxiliaryFile /Users/srinivaspanda/Documents/development/Test/demoswiftapp_protected/build/Build/Intermediates.noindex/demoswiftapp.build/Debug-iphoneos/demoswiftapp.build/Objects-normal/arm64/demoswiftapp.LinkFileList (in target 'demoswiftapp' from project 'demoswiftapp')
    cd /Users/srinivaspanda/Documents/development/Test/demoswiftapp_protected
    write-file /Users/srinivaspanda/Documents/development/Test/demoswiftapp_protected/build/Build/Intermediates.noindex/demoswiftapp.build/Debug-iphoneos/demoswiftapp.build/Objects-normal/arm64/demoswiftapp.LinkFileList

WriteAuxiliaryFile /Users/srinivaspanda/Documents/development/Test/demoswiftapp_protected/build/Build/Intermediates.noindex/demoswiftapp.build/Debug-iphoneos/demoswiftapp.build/Objects-normal/arm64/demoswiftapp.SwiftFileList (in target 'demoswiftapp' from project 'demoswiftapp')
    cd /Users/srinivaspanda/Documents/development/Test/demoswiftapp_protected
    write-file /Users/srinivaspanda/Documents/development/Test/demoswiftapp_protected/build/Build/Intermediates.noindex/demoswiftapp.build/Debug-iphoneos/demoswiftapp.build/Objects-normal/arm64/demoswiftapp.SwiftFileList

WriteAuxiliaryFile /Users/srinivaspanda/Documents/development/Test/demoswiftapp_protected/build/Build/Intermediates.noindex/demoswiftapp.build/Debug-iphoneos/demoswiftapp.build/Objects-normal/arm64/demoswiftapp-OutputFileMap.json (in target 'demoswiftapp' from project 'demoswiftapp')
    cd /Users/srinivaspanda/Documents/development/Test/demoswiftapp_protected
    write-file /Users/srinivaspanda/Documents/development/Test/demoswiftapp_protected/build/Build/Intermediates.noindex/demoswiftapp.build/Debug-iphoneos/demoswiftapp.build/Objects-normal/arm64/demoswiftapp-OutputFileMap.json

CpResource /Users/srinivaspanda/Documents/development/Test/demoswiftapp_protected/build/Build/Products/Debug-iphoneos/demoswiftapp.app/SubClasses /Users/srinivaspanda/Documents/development/Test/demoswiftapp_protected/demoswiftapp/SubClasses (in target 'demoswiftapp' from project 'demoswiftapp')
    cd /Users/srinivaspanda/Documents/development/Test/demoswiftapp_protected
    builtin-copy -exclude .DS_Store -exclude CVS -exclude .svn -exclude .git -exclude .hg -resolve-src-symlinks /Users/srinivaspanda/Documents/development/Test/demoswiftapp_protected/demoswiftapp/SubClasses /Users/srinivaspanda/Documents/development/Test/demoswiftapp_protected/build/Build/Products/Debug-iphoneos/demoswiftapp.app

CpResource /Users/srinivaspanda/Documents/development/Test/demoswiftapp_protected/build/Build/Products/Debug-iphoneos/demoswiftapp.app/Extensions /Users/srinivaspanda/Documents/development/Test/demoswiftapp_protected/demoswiftapp/Extensions (in target 'demoswiftapp' from project 'demoswiftapp')
    cd /Users/srinivaspanda/Documents/development/Test/demoswiftapp_protected
    builtin-copy -exclude .DS_Store -exclude CVS -exclude .svn -exclude .git -exclude .hg -resolve-src-symlinks /Users/srinivaspanda/Documents/development/Test/demoswiftapp_protected/demoswiftapp/Extensions /Users/srinivaspanda/Documents/development/Test/demoswiftapp_protected/build/Build/Products/Debug-iphoneos/demoswiftapp.app

CompileStoryboard /Users/srinivaspanda/Documents/development/Test/demoswiftapp_protected/demoswiftapp/Base.lproj/LaunchScreen.storyboard (in target 'demoswiftapp' from project 'demoswiftapp')
    cd /Users/srinivaspanda/Documents/development/Test/demoswiftapp_protected
    /Applications/Xcode.app/Contents/Developer/usr/bin/ibtool --errors --warnings --notices --module demoswiftapp --output-partial-info-plist /Users/srinivaspanda/Documents/development/Test/demoswiftapp_protected/build/Build/Intermediates.noindex/demoswiftapp.build/Debug-iphoneos/demoswiftapp.build/Base.lproj/LaunchScreen-SBPartialInfo.plist --auto-activate-custom-fonts --target-device iphone --target-device ipad --minimum-deployment-target 14.0 --output-format human-readable-text --compilation-directory /Users/srinivaspanda/Documents/development/Test/demoswiftapp_protected/build/Build/Intermediates.noindex/demoswiftapp.build/Debug-iphoneos/demoswiftapp.build/Base.lproj /Users/srinivaspanda/Documents/development/Test/demoswiftapp_protected/demoswiftapp/Base.lproj/LaunchScreen.storyboard

CompileStoryboard /Users/srinivaspanda/Documents/development/Test/demoswiftapp_protected/demoswiftapp/Base.lproj/Main.storyboard (in target 'demoswiftapp' from project 'demoswiftapp')
    cd /Users/srinivaspanda/Documents/development/Test/demoswiftapp_protected
    /Applications/Xcode.app/Contents/Developer/usr/bin/ibtool --errors --warnings --notices --module demoswiftapp --output-partial-info-plist /Users/srinivaspanda/Documents/development/Test/demoswiftapp_protected/build/Build/Intermediates.noindex/demoswiftapp.build/Debug-iphoneos/demoswiftapp.build/Base.lproj/Main-SBPartialInfo.plist --auto-activate-custom-fonts --target-device iphone --target-device ipad --minimum-deployment-target 14.0 --output-format human-readable-text --compilation-directory /Users/srinivaspanda/Documents/development/Test/demoswiftapp_protected/build/Build/Intermediates.noindex/demoswiftapp.build/Debug-iphoneos/demoswiftapp.build/Base.lproj /Users/srinivaspanda/Documents/development/Test/demoswiftapp_protected/demoswiftapp/Base.lproj/Main.storyboard

CompileAssetCatalog /Users/srinivaspanda/Documents/development/Test/demoswiftapp_protected/build/Build/Products/Debug-iphoneos/demoswiftapp.app /Users/srinivaspanda/Documents/development/Test/demoswiftapp_protected/demoswiftapp/Assets.xcassets (in target 'demoswiftapp' from project 'demoswiftapp')
    cd /Users/srinivaspanda/Documents/development/Test/demoswiftapp_protected
    /Applications/Xcode.app/Contents/Developer/usr/bin/actool --output-format human-readable-text --notices --warnings --export-dependency-info /Users/srinivaspanda/Documents/development/Test/demoswiftapp_protected/build/Build/Intermediates.noindex/demoswiftapp.build/Debug-iphoneos/demoswiftapp.build/assetcatalog_dependencies --output-partial-info-plist /Users/srinivaspanda/Documents/development/Test/demoswiftapp_protected/build/Build/Intermediates.noindex/demoswiftapp.build/Debug-iphoneos/demoswiftapp.build/assetcatalog_generated_info.plist --app-icon AppIcon --accent-color AccentColor --compress-pngs --enable-on-demand-resources YES --development-region en --target-device iphone --target-device ipad --minimum-deployment-target 14.0 --platform iphoneos --compile /Users/srinivaspanda/Documents/development/Test/demoswiftapp_protected/build/Build/Products/Debug-iphoneos/demoswiftapp.app /Users/srinivaspanda/Documents/development/Test/demoswiftapp_protected/demoswiftapp/Assets.xcassets
/* com.apple.actool.compilation-results */
/Users/srinivaspanda/Documents/development/Test/demoswiftapp_protected/build/Build/Intermediates.noindex/demoswiftapp.build/Debug-iphoneos/demoswiftapp.build/assetcatalog_generated_info.plist


CompileSwiftSources normal arm64 com.apple.xcode.tools.swift.compiler (in target 'demoswiftapp' from project 'demoswiftapp')
    cd /Users/srinivaspanda/Documents/development/Test/demoswiftapp_protected
    /Applications/Code\ Protection.app/Contents/MacOS/scp-bc-swiftc -module-name demoswiftapp -Onone -enforce-exclusivity\=checked @/Users/srinivaspanda/Documents/development/Test/demoswiftapp_protected/build/Build/Intermediates.noindex/demoswiftapp.build/Debug-iphoneos/demoswiftapp.build/Objects-normal/arm64/demoswiftapp.SwiftFileList -DDEBUG -sdk /Applications/Xcode.app/Contents/Developer/Platforms/iPhoneOS.platform/Developer/SDKs/iPhoneOS16.1.sdk -target arm64-apple-ios14.0 -enable-bare-slash-regex -g -module-cache-path /Users/srinivaspanda/Library/Developer/Xcode/DerivedData/ModuleCache.noindex -Xfrontend -serialize-debugging-options -enable-testing -index-store-path /Users/srinivaspanda/Documents/development/Test/demoswiftapp_protected/build/Index.noindex/DataStore -swift-version 5 -I /Users/srinivaspanda/Documents/development/Test/demoswiftapp_protected/build/Build/Products/Debug-iphoneos -F /Users/srinivaspanda/Documents/development/Test/demoswiftapp_protected/build/Build/Products/Debug-iphoneos -c -j8 -enable-batch-mode -incremental -output-file-map /Users/srinivaspanda/Documents/development/Test/demoswiftapp_protected/build/Build/Intermediates.noindex/demoswiftapp.build/Debug-iphoneos/demoswiftapp.build/Objects-normal/arm64/demoswiftapp-OutputFileMap.json -parseable-output -serialize-diagnostics -emit-dependencies -emit-module -emit-module-path /Users/srinivaspanda/Documents/development/Test/demoswiftapp_protected/build/Build/Intermediates.noindex/demoswiftapp.build/Debug-iphoneos/demoswiftapp.build/Objects-normal/arm64/demoswiftapp.swiftmodule -Xcc -I/Users/srinivaspanda/Documents/development/Test/demoswiftapp_protected/build/Build/Intermediates.noindex/demoswiftapp.build/Debug-iphoneos/demoswiftapp.build/swift-overrides.hmap -Xcc -iquote -Xcc /Users/srinivaspanda/Documents/development/Test/demoswiftapp_protected/build/Build/Intermediates.noindex/demoswiftapp.build/Debug-iphoneos/demoswiftapp.build/demoswiftapp-generated-files.hmap -Xcc -I/Users/srinivaspanda/Documents/development/Test/demoswiftapp_protected/build/Build/Intermediates.noindex/demoswiftapp.build/Debug-iphoneos/demoswiftapp.build/demoswiftapp-own-target-headers.hmap -Xcc -I/Users/srinivaspanda/Documents/development/Test/demoswiftapp_protected/build/Build/Intermediates.noindex/demoswiftapp.build/Debug-iphoneos/demoswiftapp.build/demoswiftapp-all-target-headers.hmap -Xcc -iquote -Xcc /Users/srinivaspanda/Documents/development/Test/demoswiftapp_protected/build/Build/Intermediates.noindex/demoswiftapp.build/Debug-iphoneos/demoswiftapp.build/demoswiftapp-project-headers.hmap -Xcc -I/Users/srinivaspanda/Documents/development/Test/demoswiftapp_protected/build/Build/Products/Debug-iphoneos/include -Xcc -I/Users/srinivaspanda/Documents/development/Test/demoswiftapp_protected/build/Build/Intermediates.noindex/demoswiftapp.build/Debug-iphoneos/demoswiftapp.build/DerivedSources-normal/arm64 -Xcc -I/Users/srinivaspanda/Documents/development/Test/demoswiftapp_protected/build/Build/Intermediates.noindex/demoswiftapp.build/Debug-iphoneos/demoswiftapp.build/DerivedSources/arm64 -Xcc -I/Users/srinivaspanda/Documents/development/Test/demoswiftapp_protected/build/Build/Intermediates.noindex/demoswiftapp.build/Debug-iphoneos/demoswiftapp.build/DerivedSources -Xcc -DDEBUG\=1 -emit-objc-header -emit-objc-header-path /Users/srinivaspanda/Documents/development/Test/demoswiftapp_protected/build/Build/Intermediates.noindex/demoswiftapp.build/Debug-iphoneos/demoswiftapp.build/Objects-normal/arm64/demoswiftapp-Swift.h -Xcc -working-directory/Users/srinivaspanda/Documents/development/Test/demoswiftapp_protected
warning: conditional compilation flags do not have values in Swift; they are either present or absent (rather than '__SCP__=0x2550000')
CompileSwift normal arm64 /Users/srinivaspanda/Documents/development/Test/demoswiftapp_protected/demoswiftapp/ViewController.swift (in target 'demoswiftapp' from project 'demoswiftapp')
    cd /Users/srinivaspanda/Documents/development/Test/demoswiftapp_protected
    /Applications/Xcode.app/Contents/Developer/Toolchains/XcodeDefault.xctoolchain/usr/bin/swift-frontend -frontend -emit-bc /Users/srinivaspanda/Documents/development/Test/demoswiftapp_protected/demoswiftapp/Utility.swift -primary-file /Users/srinivaspanda/Documents/development/Test/demoswiftapp_protected/demoswiftapp/ViewController.swift /Users/srinivaspanda/Documents/development/Test/demoswiftapp_protected/demoswiftapp/MyCallbackContainer.swift /Users/srinivaspanda/Documents/development/Test/demoswiftapp_protected/demoswiftapp/AppDelegate.swift /Users/srinivaspanda/Documents/development/Test/demoswiftapp_protected/demoswiftapp/SceneDelegate.swift /Users/srinivaspanda/Documents/development/Test/demoswiftapp_protected/demoswiftapp/Helper4Swift.swift -emit-dependencies-path /Users/srinivaspanda/Documents/development/Test/demoswiftapp_protected/build/Build/Intermediates.noindex/demoswiftapp.build/Debug-iphoneos/demoswiftapp.build/Objects-normal/arm64/ViewController.d -serialize-diagnostics-path /Users/srinivaspanda/Documents/development/Test/demoswiftapp_protected/build/Build/Intermediates.noindex/demoswiftapp.build/Debug-iphoneos/demoswiftapp.build/Objects-normal/arm64/ViewController.dia -target arm64-apple-ios14.0 -Xllvm -aarch64-use-tbi -enable-objc-interop -stack-check -sdk /Applications/Xcode.app/Contents/Developer/Platforms/iPhoneOS.platform/Developer/SDKs/iPhoneOS16.1.sdk -I /Users/srinivaspanda/Documents/development/Test/demoswiftapp_protected/build/Build/Products/Debug-iphoneos -F /Users/srinivaspanda/Documents/development/Test/demoswiftapp_protected/build/Build/Products/Debug-iphoneos -enable-testing -g -module-cache-path /Users/srinivaspanda/Library/Developer/Xcode/DerivedData/ModuleCache.noindex -swift-version 5 -enforce-exclusivity\=checked -Onone -D DEBUG -D __SCP__\=0x2550000 -D __SCP_BITCODE__ -new-driver-path /Applications/Xcode.app/Contents/Developer/Toolchains/XcodeDefault.xctoolchain/usr/bin/swift-driver -serialize-debugging-options -enable-bare-slash-regex -empty-abi-descriptor -resource-dir /Applications/Xcode.app/Contents/Developer/Toolchains/XcodeDefault.xctoolchain/usr/lib/swift -enable-anonymous-context-mangled-names -Xcc -I/Users/srinivaspanda/Documents/development/Test/demoswiftapp_protected/build/Build/Intermediates.noindex/demoswiftapp.build/Debug-iphoneos/demoswiftapp.build/swift-overrides.hmap -Xcc -iquote -Xcc /Users/srinivaspanda/Documents/development/Test/demoswiftapp_protected/build/Build/Intermediates.noindex/demoswiftapp.build/Debug-iphoneos/demoswiftapp.build/demoswiftapp-generated-files.hmap -Xcc -I/Users/srinivaspanda/Documents/development/Test/demoswiftapp_protected/build/Build/Intermediates.noindex/demoswiftapp.build/Debug-iphoneos/demoswiftapp.build/demoswiftapp-own-target-headers.hmap -Xcc -I/Users/srinivaspanda/Documents/development/Test/demoswiftapp_protected/build/Build/Intermediates.noindex/demoswiftapp.build/Debug-iphoneos/demoswiftapp.build/demoswiftapp-all-target-headers.hmap -Xcc -iquote -Xcc /Users/srinivaspanda/Documents/development/Test/demoswiftapp_protected/build/Build/Intermediates.noindex/demoswiftapp.build/Debug-iphoneos/demoswiftapp.build/demoswiftapp-project-headers.hmap -Xcc -I/Users/srinivaspanda/Documents/development/Test/demoswiftapp_protected/build/Build/Products/Debug-iphoneos/include -Xcc -I/Users/srinivaspanda/Documents/development/Test/demoswiftapp_protected/build/Build/Intermediates.noindex/demoswiftapp.build/Debug-iphoneos/demoswiftapp.build/DerivedSources-normal/arm64 -Xcc -I/Users/srinivaspanda/Documents/development/Test/demoswiftapp_protected/build/Build/Intermediates.noindex/demoswiftapp.build/Debug-iphoneos/demoswiftapp.build/DerivedSources/arm64 -Xcc -I/Users/srinivaspanda/Documents/development/Test/demoswiftapp_protected/build/Build/Intermediates.noindex/demoswiftapp.build/Debug-iphoneos/demoswiftapp.build/DerivedSources -Xcc -DDEBUG\=1 -Xcc -working-directory/Users/srinivaspanda/Documents/development/Test/demoswiftapp_protected -module-name demoswiftapp -disable-clang-spi -target-sdk-version 16.1 -o /Users/srinivaspanda/Documents/development/Test/demoswiftapp_protected/build/Build/Intermediates.noindex/demoswiftapp.build/Debug-iphoneos/demoswiftapp.build/Objects-normal/arm64/ViewController.bc -index-store-path /Users/srinivaspanda/Documents/development/Test/demoswiftapp_protected/build/Index.noindex/DataStore -index-system-modules

CompileSwift normal arm64 /Users/srinivaspanda/Documents/development/Test/demoswiftapp_protected/demoswiftapp/Utility.swift (in target 'demoswiftapp' from project 'demoswiftapp')
    cd /Users/srinivaspanda/Documents/development/Test/demoswiftapp_protected
    /Applications/Xcode.app/Contents/Developer/Toolchains/XcodeDefault.xctoolchain/usr/bin/swift-frontend -frontend -emit-bc -primary-file /Users/srinivaspanda/Documents/development/Test/demoswiftapp_protected/demoswiftapp/Utility.swift /Users/srinivaspanda/Documents/development/Test/demoswiftapp_protected/demoswiftapp/ViewController.swift /Users/srinivaspanda/Documents/development/Test/demoswiftapp_protected/demoswiftapp/MyCallbackContainer.swift /Users/srinivaspanda/Documents/development/Test/demoswiftapp_protected/demoswiftapp/AppDelegate.swift /Users/srinivaspanda/Documents/development/Test/demoswiftapp_protected/demoswiftapp/SceneDelegate.swift /Users/srinivaspanda/Documents/development/Test/demoswiftapp_protected/demoswiftapp/Helper4Swift.swift -emit-dependencies-path /Users/srinivaspanda/Documents/development/Test/demoswiftapp_protected/build/Build/Intermediates.noindex/demoswiftapp.build/Debug-iphoneos/demoswiftapp.build/Objects-normal/arm64/Utility.d -serialize-diagnostics-path /Users/srinivaspanda/Documents/development/Test/demoswiftapp_protected/build/Build/Intermediates.noindex/demoswiftapp.build/Debug-iphoneos/demoswiftapp.build/Objects-normal/arm64/Utility.dia -target arm64-apple-ios14.0 -Xllvm -aarch64-use-tbi -enable-objc-interop -stack-check -sdk /Applications/Xcode.app/Contents/Developer/Platforms/iPhoneOS.platform/Developer/SDKs/iPhoneOS16.1.sdk -I /Users/srinivaspanda/Documents/development/Test/demoswiftapp_protected/build/Build/Products/Debug-iphoneos -F /Users/srinivaspanda/Documents/development/Test/demoswiftapp_protected/build/Build/Products/Debug-iphoneos -enable-testing -g -module-cache-path /Users/srinivaspanda/Library/Developer/Xcode/DerivedData/ModuleCache.noindex -swift-version 5 -enforce-exclusivity\=checked -Onone -D DEBUG -D __SCP__\=0x2550000 -D __SCP_BITCODE__ -new-driver-path /Applications/Xcode.app/Contents/Developer/Toolchains/XcodeDefault.xctoolchain/usr/bin/swift-driver -serialize-debugging-options -enable-bare-slash-regex -empty-abi-descriptor -resource-dir /Applications/Xcode.app/Contents/Developer/Toolchains/XcodeDefault.xctoolchain/usr/lib/swift -enable-anonymous-context-mangled-names -Xcc -I/Users/srinivaspanda/Documents/development/Test/demoswiftapp_protected/build/Build/Intermediates.noindex/demoswiftapp.build/Debug-iphoneos/demoswiftapp.build/swift-overrides.hmap -Xcc -iquote -Xcc /Users/srinivaspanda/Documents/development/Test/demoswiftapp_protected/build/Build/Intermediates.noindex/demoswiftapp.build/Debug-iphoneos/demoswiftapp.build/demoswiftapp-generated-files.hmap -Xcc -I/Users/srinivaspanda/Documents/development/Test/demoswiftapp_protected/build/Build/Intermediates.noindex/demoswiftapp.build/Debug-iphoneos/demoswiftapp.build/demoswiftapp-own-target-headers.hmap -Xcc -I/Users/srinivaspanda/Documents/development/Test/demoswiftapp_protected/build/Build/Intermediates.noindex/demoswiftapp.build/Debug-iphoneos/demoswiftapp.build/demoswiftapp-all-target-headers.hmap -Xcc -iquote -Xcc /Users/srinivaspanda/Documents/development/Test/demoswiftapp_protected/build/Build/Intermediates.noindex/demoswiftapp.build/Debug-iphoneos/demoswiftapp.build/demoswiftapp-project-headers.hmap -Xcc -I/Users/srinivaspanda/Documents/development/Test/demoswiftapp_protected/build/Build/Products/Debug-iphoneos/include -Xcc -I/Users/srinivaspanda/Documents/development/Test/demoswiftapp_protected/build/Build/Intermediates.noindex/demoswiftapp.build/Debug-iphoneos/demoswiftapp.build/DerivedSources-normal/arm64 -Xcc -I/Users/srinivaspanda/Documents/development/Test/demoswiftapp_protected/build/Build/Intermediates.noindex/demoswiftapp.build/Debug-iphoneos/demoswiftapp.build/DerivedSources/arm64 -Xcc -I/Users/srinivaspanda/Documents/development/Test/demoswiftapp_protected/build/Build/Intermediates.noindex/demoswiftapp.build/Debug-iphoneos/demoswiftapp.build/DerivedSources -Xcc -DDEBUG\=1 -Xcc -working-directory/Users/srinivaspanda/Documents/development/Test/demoswiftapp_protected -module-name demoswiftapp -disable-clang-spi -target-sdk-version 16.1 -o /Users/srinivaspanda/Documents/development/Test/demoswiftapp_protected/build/Build/Intermediates.noindex/demoswiftapp.build/Debug-iphoneos/demoswiftapp.build/Objects-normal/arm64/Utility.bc -index-store-path /Users/srinivaspanda/Documents/development/Test/demoswiftapp_protected/build/Index.noindex/DataStore -index-system-modules

CompileSwift normal arm64 /Users/srinivaspanda/Documents/development/Test/demoswiftapp_protected/demoswiftapp/SceneDelegate.swift (in target 'demoswiftapp' from project 'demoswiftapp')
    cd /Users/srinivaspanda/Documents/development/Test/demoswiftapp_protected
    /Applications/Xcode.app/Contents/Developer/Toolchains/XcodeDefault.xctoolchain/usr/bin/swift-frontend -frontend -emit-bc /Users/srinivaspanda/Documents/development/Test/demoswiftapp_protected/demoswiftapp/Utility.swift /Users/srinivaspanda/Documents/development/Test/demoswiftapp_protected/demoswiftapp/ViewController.swift /Users/srinivaspanda/Documents/development/Test/demoswiftapp_protected/demoswiftapp/MyCallbackContainer.swift /Users/srinivaspanda/Documents/development/Test/demoswiftapp_protected/demoswiftapp/AppDelegate.swift -primary-file /Users/srinivaspanda/Documents/development/Test/demoswiftapp_protected/demoswiftapp/SceneDelegate.swift /Users/srinivaspanda/Documents/development/Test/demoswiftapp_protected/demoswiftapp/Helper4Swift.swift -emit-dependencies-path /Users/srinivaspanda/Documents/development/Test/demoswiftapp_protected/build/Build/Intermediates.noindex/demoswiftapp.build/Debug-iphoneos/demoswiftapp.build/Objects-normal/arm64/SceneDelegate.d -serialize-diagnostics-path /Users/srinivaspanda/Documents/development/Test/demoswiftapp_protected/build/Build/Intermediates.noindex/demoswiftapp.build/Debug-iphoneos/demoswiftapp.build/Objects-normal/arm64/SceneDelegate.dia -target arm64-apple-ios14.0 -Xllvm -aarch64-use-tbi -enable-objc-interop -stack-check -sdk /Applications/Xcode.app/Contents/Developer/Platforms/iPhoneOS.platform/Developer/SDKs/iPhoneOS16.1.sdk -I /Users/srinivaspanda/Documents/development/Test/demoswiftapp_protected/build/Build/Products/Debug-iphoneos -F /Users/srinivaspanda/Documents/development/Test/demoswiftapp_protected/build/Build/Products/Debug-iphoneos -enable-testing -g -module-cache-path /Users/srinivaspanda/Library/Developer/Xcode/DerivedData/ModuleCache.noindex -swift-version 5 -enforce-exclusivity\=checked -Onone -D DEBUG -D __SCP__\=0x2550000 -D __SCP_BITCODE__ -new-driver-path /Applications/Xcode.app/Contents/Developer/Toolchains/XcodeDefault.xctoolchain/usr/bin/swift-driver -serialize-debugging-options -enable-bare-slash-regex -empty-abi-descriptor -resource-dir /Applications/Xcode.app/Contents/Developer/Toolchains/XcodeDefault.xctoolchain/usr/lib/swift -enable-anonymous-context-mangled-names -Xcc -I/Users/srinivaspanda/Documents/development/Test/demoswiftapp_protected/build/Build/Intermediates.noindex/demoswiftapp.build/Debug-iphoneos/demoswiftapp.build/swift-overrides.hmap -Xcc -iquote -Xcc /Users/srinivaspanda/Documents/development/Test/demoswiftapp_protected/build/Build/Intermediates.noindex/demoswiftapp.build/Debug-iphoneos/demoswiftapp.build/demoswiftapp-generated-files.hmap -Xcc -I/Users/srinivaspanda/Documents/development/Test/demoswiftapp_protected/build/Build/Intermediates.noindex/demoswiftapp.build/Debug-iphoneos/demoswiftapp.build/demoswiftapp-own-target-headers.hmap -Xcc -I/Users/srinivaspanda/Documents/development/Test/demoswiftapp_protected/build/Build/Intermediates.noindex/demoswiftapp.build/Debug-iphoneos/demoswiftapp.build/demoswiftapp-all-target-headers.hmap -Xcc -iquote -Xcc /Users/srinivaspanda/Documents/development/Test/demoswiftapp_protected/build/Build/Intermediates.noindex/demoswiftapp.build/Debug-iphoneos/demoswiftapp.build/demoswiftapp-project-headers.hmap -Xcc -I/Users/srinivaspanda/Documents/development/Test/demoswiftapp_protected/build/Build/Products/Debug-iphoneos/include -Xcc -I/Users/srinivaspanda/Documents/development/Test/demoswiftapp_protected/build/Build/Intermediates.noindex/demoswiftapp.build/Debug-iphoneos/demoswiftapp.build/DerivedSources-normal/arm64 -Xcc -I/Users/srinivaspanda/Documents/development/Test/demoswiftapp_protected/build/Build/Intermediates.noindex/demoswiftapp.build/Debug-iphoneos/demoswiftapp.build/DerivedSources/arm64 -Xcc -I/Users/srinivaspanda/Documents/development/Test/demoswiftapp_protected/build/Build/Intermediates.noindex/demoswiftapp.build/Debug-iphoneos/demoswiftapp.build/DerivedSources -Xcc -DDEBUG\=1 -Xcc -working-directory/Users/srinivaspanda/Documents/development/Test/demoswiftapp_protected -module-name demoswiftapp -disable-clang-spi -target-sdk-version 16.1 -o /Users/srinivaspanda/Documents/development/Test/demoswiftapp_protected/build/Build/Intermediates.noindex/demoswiftapp.build/Debug-iphoneos/demoswiftapp.build/Objects-normal/arm64/SceneDelegate.bc -index-store-path /Users/srinivaspanda/Documents/development/Test/demoswiftapp_protected/build/Index.noindex/DataStore -index-system-modules

CompileSwift normal arm64 /Users/srinivaspanda/Documents/development/Test/demoswiftapp_protected/demoswiftapp/AppDelegate.swift (in target 'demoswiftapp' from project 'demoswiftapp')
    cd /Users/srinivaspanda/Documents/development/Test/demoswiftapp_protected
    /Applications/Xcode.app/Contents/Developer/Toolchains/XcodeDefault.xctoolchain/usr/bin/swift-frontend -frontend -emit-bc /Users/srinivaspanda/Documents/development/Test/demoswiftapp_protected/demoswiftapp/Utility.swift /Users/srinivaspanda/Documents/development/Test/demoswiftapp_protected/demoswiftapp/ViewController.swift /Users/srinivaspanda/Documents/development/Test/demoswiftapp_protected/demoswiftapp/MyCallbackContainer.swift -primary-file /Users/srinivaspanda/Documents/development/Test/demoswiftapp_protected/demoswiftapp/AppDelegate.swift /Users/srinivaspanda/Documents/development/Test/demoswiftapp_protected/demoswiftapp/SceneDelegate.swift /Users/srinivaspanda/Documents/development/Test/demoswiftapp_protected/demoswiftapp/Helper4Swift.swift -emit-dependencies-path /Users/srinivaspanda/Documents/development/Test/demoswiftapp_protected/build/Build/Intermediates.noindex/demoswiftapp.build/Debug-iphoneos/demoswiftapp.build/Objects-normal/arm64/AppDelegate.d -serialize-diagnostics-path /Users/srinivaspanda/Documents/development/Test/demoswiftapp_protected/build/Build/Intermediates.noindex/demoswiftapp.build/Debug-iphoneos/demoswiftapp.build/Objects-normal/arm64/AppDelegate.dia -target arm64-apple-ios14.0 -Xllvm -aarch64-use-tbi -enable-objc-interop -stack-check -sdk /Applications/Xcode.app/Contents/Developer/Platforms/iPhoneOS.platform/Developer/SDKs/iPhoneOS16.1.sdk -I /Users/srinivaspanda/Documents/development/Test/demoswiftapp_protected/build/Build/Products/Debug-iphoneos -F /Users/srinivaspanda/Documents/development/Test/demoswiftapp_protected/build/Build/Products/Debug-iphoneos -enable-testing -g -module-cache-path /Users/srinivaspanda/Library/Developer/Xcode/DerivedData/ModuleCache.noindex -swift-version 5 -enforce-exclusivity\=checked -Onone -D DEBUG -D __SCP__\=0x2550000 -D __SCP_BITCODE__ -new-driver-path /Applications/Xcode.app/Contents/Developer/Toolchains/XcodeDefault.xctoolchain/usr/bin/swift-driver -serialize-debugging-options -enable-bare-slash-regex -empty-abi-descriptor -resource-dir /Applications/Xcode.app/Contents/Developer/Toolchains/XcodeDefault.xctoolchain/usr/lib/swift -enable-anonymous-context-mangled-names -Xcc -I/Users/srinivaspanda/Documents/development/Test/demoswiftapp_protected/build/Build/Intermediates.noindex/demoswiftapp.build/Debug-iphoneos/demoswiftapp.build/swift-overrides.hmap -Xcc -iquote -Xcc /Users/srinivaspanda/Documents/development/Test/demoswiftapp_protected/build/Build/Intermediates.noindex/demoswiftapp.build/Debug-iphoneos/demoswiftapp.build/demoswiftapp-generated-files.hmap -Xcc -I/Users/srinivaspanda/Documents/development/Test/demoswiftapp_protected/build/Build/Intermediates.noindex/demoswiftapp.build/Debug-iphoneos/demoswiftapp.build/demoswiftapp-own-target-headers.hmap -Xcc -I/Users/srinivaspanda/Documents/development/Test/demoswiftapp_protected/build/Build/Intermediates.noindex/demoswiftapp.build/Debug-iphoneos/demoswiftapp.build/demoswiftapp-all-target-headers.hmap -Xcc -iquote -Xcc /Users/srinivaspanda/Documents/development/Test/demoswiftapp_protected/build/Build/Intermediates.noindex/demoswiftapp.build/Debug-iphoneos/demoswiftapp.build/demoswiftapp-project-headers.hmap -Xcc -I/Users/srinivaspanda/Documents/development/Test/demoswiftapp_protected/build/Build/Products/Debug-iphoneos/include -Xcc -I/Users/srinivaspanda/Documents/development/Test/demoswiftapp_protected/build/Build/Intermediates.noindex/demoswiftapp.build/Debug-iphoneos/demoswiftapp.build/DerivedSources-normal/arm64 -Xcc -I/Users/srinivaspanda/Documents/development/Test/demoswiftapp_protected/build/Build/Intermediates.noindex/demoswiftapp.build/Debug-iphoneos/demoswiftapp.build/DerivedSources/arm64 -Xcc -I/Users/srinivaspanda/Documents/development/Test/demoswiftapp_protected/build/Build/Intermediates.noindex/demoswiftapp.build/Debug-iphoneos/demoswiftapp.build/DerivedSources -Xcc -DDEBUG\=1 -Xcc -working-directory/Users/srinivaspanda/Documents/development/Test/demoswiftapp_protected -module-name demoswiftapp -disable-clang-spi -target-sdk-version 16.1 -o /Users/srinivaspanda/Documents/development/Test/demoswiftapp_protected/build/Build/Intermediates.noindex/demoswiftapp.build/Debug-iphoneos/demoswiftapp.build/Objects-normal/arm64/AppDelegate.bc -index-store-path /Users/srinivaspanda/Documents/development/Test/demoswiftapp_protected/build/Index.noindex/DataStore -index-system-modules

CompileSwift normal arm64 /Users/srinivaspanda/Documents/development/Test/demoswiftapp_protected/demoswiftapp/MyCallbackContainer.swift (in target 'demoswiftapp' from project 'demoswiftapp')
    cd /Users/srinivaspanda/Documents/development/Test/demoswiftapp_protected
    /Applications/Xcode.app/Contents/Developer/Toolchains/XcodeDefault.xctoolchain/usr/bin/swift-frontend -frontend -emit-bc /Users/srinivaspanda/Documents/development/Test/demoswiftapp_protected/demoswiftapp/Utility.swift /Users/srinivaspanda/Documents/development/Test/demoswiftapp_protected/demoswiftapp/ViewController.swift -primary-file /Users/srinivaspanda/Documents/development/Test/demoswiftapp_protected/demoswiftapp/MyCallbackContainer.swift /Users/srinivaspanda/Documents/development/Test/demoswiftapp_protected/demoswiftapp/AppDelegate.swift /Users/srinivaspanda/Documents/development/Test/demoswiftapp_protected/demoswiftapp/SceneDelegate.swift /Users/srinivaspanda/Documents/development/Test/demoswiftapp_protected/demoswiftapp/Helper4Swift.swift -emit-dependencies-path /Users/srinivaspanda/Documents/development/Test/demoswiftapp_protected/build/Build/Intermediates.noindex/demoswiftapp.build/Debug-iphoneos/demoswiftapp.build/Objects-normal/arm64/MyCallbackContainer.d -serialize-diagnostics-path /Users/srinivaspanda/Documents/development/Test/demoswiftapp_protected/build/Build/Intermediates.noindex/demoswiftapp.build/Debug-iphoneos/demoswiftapp.build/Objects-normal/arm64/MyCallbackContainer.dia -target arm64-apple-ios14.0 -Xllvm -aarch64-use-tbi -enable-objc-interop -stack-check -sdk /Applications/Xcode.app/Contents/Developer/Platforms/iPhoneOS.platform/Developer/SDKs/iPhoneOS16.1.sdk -I /Users/srinivaspanda/Documents/development/Test/demoswiftapp_protected/build/Build/Products/Debug-iphoneos -F /Users/srinivaspanda/Documents/development/Test/demoswiftapp_protected/build/Build/Products/Debug-iphoneos -enable-testing -g -module-cache-path /Users/srinivaspanda/Library/Developer/Xcode/DerivedData/ModuleCache.noindex -swift-version 5 -enforce-exclusivity\=checked -Onone -D DEBUG -D __SCP__\=0x2550000 -D __SCP_BITCODE__ -new-driver-path /Applications/Xcode.app/Contents/Developer/Toolchains/XcodeDefault.xctoolchain/usr/bin/swift-driver -serialize-debugging-options -enable-bare-slash-regex -empty-abi-descriptor -resource-dir /Applications/Xcode.app/Contents/Developer/Toolchains/XcodeDefault.xctoolchain/usr/lib/swift -enable-anonymous-context-mangled-names -Xcc -I/Users/srinivaspanda/Documents/development/Test/demoswiftapp_protected/build/Build/Intermediates.noindex/demoswiftapp.build/Debug-iphoneos/demoswiftapp.build/swift-overrides.hmap -Xcc -iquote -Xcc /Users/srinivaspanda/Documents/development/Test/demoswiftapp_protected/build/Build/Intermediates.noindex/demoswiftapp.build/Debug-iphoneos/demoswiftapp.build/demoswiftapp-generated-files.hmap -Xcc -I/Users/srinivaspanda/Documents/development/Test/demoswiftapp_protected/build/Build/Intermediates.noindex/demoswiftapp.build/Debug-iphoneos/demoswiftapp.build/demoswiftapp-own-target-headers.hmap -Xcc -I/Users/srinivaspanda/Documents/development/Test/demoswiftapp_protected/build/Build/Intermediates.noindex/demoswiftapp.build/Debug-iphoneos/demoswiftapp.build/demoswiftapp-all-target-headers.hmap -Xcc -iquote -Xcc /Users/srinivaspanda/Documents/development/Test/demoswiftapp_protected/build/Build/Intermediates.noindex/demoswiftapp.build/Debug-iphoneos/demoswiftapp.build/demoswiftapp-project-headers.hmap -Xcc -I/Users/srinivaspanda/Documents/development/Test/demoswiftapp_protected/build/Build/Products/Debug-iphoneos/include -Xcc -I/Users/srinivaspanda/Documents/development/Test/demoswiftapp_protected/build/Build/Intermediates.noindex/demoswiftapp.build/Debug-iphoneos/demoswiftapp.build/DerivedSources-normal/arm64 -Xcc -I/Users/srinivaspanda/Documents/development/Test/demoswiftapp_protected/build/Build/Intermediates.noindex/demoswiftapp.build/Debug-iphoneos/demoswiftapp.build/DerivedSources/arm64 -Xcc -I/Users/srinivaspanda/Documents/development/Test/demoswiftapp_protected/build/Build/Intermediates.noindex/demoswiftapp.build/Debug-iphoneos/demoswiftapp.build/DerivedSources -Xcc -DDEBUG\=1 -Xcc -working-directory/Users/srinivaspanda/Documents/development/Test/demoswiftapp_protected -module-name demoswiftapp -disable-clang-spi -target-sdk-version 16.1 -o /Users/srinivaspanda/Documents/development/Test/demoswiftapp_protected/build/Build/Intermediates.noindex/demoswiftapp.build/Debug-iphoneos/demoswiftapp.build/Objects-normal/arm64/MyCallbackContainer.bc -index-store-path /Users/srinivaspanda/Documents/development/Test/demoswiftapp_protected/build/Index.noindex/DataStore -index-system-modules

EmitSwiftModule normal arm64 (in target 'demoswiftapp' from project 'demoswiftapp')
    cd /Users/srinivaspanda/Documents/development/Test/demoswiftapp_protected
    /Applications/Xcode.app/Contents/Developer/Toolchains/XcodeDefault.xctoolchain/usr/bin/swift-frontend -frontend -emit-module -experimental-skip-non-inlinable-function-bodies-without-types /Users/srinivaspanda/Documents/development/Test/demoswiftapp_protected/demoswiftapp/Utility.swift /Users/srinivaspanda/Documents/development/Test/demoswiftapp_protected/demoswiftapp/ViewController.swift /Users/srinivaspanda/Documents/development/Test/demoswiftapp_protected/demoswiftapp/MyCallbackContainer.swift /Users/srinivaspanda/Documents/development/Test/demoswiftapp_protected/demoswiftapp/AppDelegate.swift /Users/srinivaspanda/Documents/development/Test/demoswiftapp_protected/demoswiftapp/SceneDelegate.swift /Users/srinivaspanda/Documents/development/Test/demoswiftapp_protected/demoswiftapp/Helper4Swift.swift -target arm64-apple-ios14.0 -Xllvm -aarch64-use-tbi -enable-objc-interop -stack-check -sdk /Applications/Xcode.app/Contents/Developer/Platforms/iPhoneOS.platform/Developer/SDKs/iPhoneOS16.1.sdk -I /Users/srinivaspanda/Documents/development/Test/demoswiftapp_protected/build/Build/Products/Debug-iphoneos -F /Users/srinivaspanda/Documents/development/Test/demoswiftapp_protected/build/Build/Products/Debug-iphoneos -enable-testing -g -module-cache-path /Users/srinivaspanda/Library/Developer/Xcode/DerivedData/ModuleCache.noindex -swift-version 5 -enforce-exclusivity\=checked -Onone -D DEBUG -D __SCP__\=0x2550000 -D __SCP_BITCODE__ -new-driver-path /Applications/Xcode.app/Contents/Developer/Toolchains/XcodeDefault.xctoolchain/usr/bin/swift-driver -serialize-debugging-options -enable-bare-slash-regex -empty-abi-descriptor -resource-dir /Applications/Xcode.app/Contents/Developer/Toolchains/XcodeDefault.xctoolchain/usr/lib/swift -enable-anonymous-context-mangled-names -Xcc -I/Users/srinivaspanda/Documents/development/Test/demoswiftapp_protected/build/Build/Intermediates.noindex/demoswiftapp.build/Debug-iphoneos/demoswiftapp.build/swift-overrides.hmap -Xcc -iquote -Xcc /Users/srinivaspanda/Documents/development/Test/demoswiftapp_protected/build/Build/Intermediates.noindex/demoswiftapp.build/Debug-iphoneos/demoswiftapp.build/demoswiftapp-generated-files.hmap -Xcc -I/Users/srinivaspanda/Documents/development/Test/demoswiftapp_protected/build/Build/Intermediates.noindex/demoswiftapp.build/Debug-iphoneos/demoswiftapp.build/demoswiftapp-own-target-headers.hmap -Xcc -I/Users/srinivaspanda/Documents/development/Test/demoswiftapp_protected/build/Build/Intermediates.noindex/demoswiftapp.build/Debug-iphoneos/demoswiftapp.build/demoswiftapp-all-target-headers.hmap -Xcc -iquote -Xcc /Users/srinivaspanda/Documents/development/Test/demoswiftapp_protected/build/Build/Intermediates.noindex/demoswiftapp.build/Debug-iphoneos/demoswiftapp.build/demoswiftapp-project-headers.hmap -Xcc -I/Users/srinivaspanda/Documents/development/Test/demoswiftapp_protected/build/Build/Products/Debug-iphoneos/include -Xcc -I/Users/srinivaspanda/Documents/development/Test/demoswiftapp_protected/build/Build/Intermediates.noindex/demoswiftapp.build/Debug-iphoneos/demoswiftapp.build/DerivedSources-normal/arm64 -Xcc -I/Users/srinivaspanda/Documents/development/Test/demoswiftapp_protected/build/Build/Intermediates.noindex/demoswiftapp.build/Debug-iphoneos/demoswiftapp.build/DerivedSources/arm64 -Xcc -I/Users/srinivaspanda/Documents/development/Test/demoswiftapp_protected/build/Build/Intermediates.noindex/demoswiftapp.build/Debug-iphoneos/demoswiftapp.build/DerivedSources -Xcc -DDEBUG\=1 -Xcc -working-directory/Users/srinivaspanda/Documents/development/Test/demoswiftapp_protected -module-name demoswiftapp -disable-clang-spi -target-sdk-version 16.1 -emit-module-doc-path /Users/srinivaspanda/Documents/development/Test/demoswiftapp_protected/build/Build/Intermediates.noindex/demoswiftapp.build/Debug-iphoneos/demoswiftapp.build/Objects-normal/arm64/demoswiftapp.swiftdoc -emit-module-source-info-path /Users/srinivaspanda/Documents/development/Test/demoswiftapp_protected/build/Build/Intermediates.noindex/demoswiftapp.build/Debug-iphoneos/demoswiftapp.build/Objects-normal/arm64/demoswiftapp.swiftsourceinfo -emit-objc-header-path /Users/srinivaspanda/Documents/development/Test/demoswiftapp_protected/build/Build/Intermediates.noindex/demoswiftapp.build/Debug-iphoneos/demoswiftapp.build/Objects-normal/arm64/demoswiftapp-Swift.h -serialize-diagnostics-path /Users/srinivaspanda/Documents/development/Test/demoswiftapp_protected/build/Build/Intermediates.noindex/demoswiftapp.build/Debug-iphoneos/demoswiftapp.build/Objects-normal/arm64/demoswiftapp-master-emit-module.dia -emit-dependencies-path /Users/srinivaspanda/Documents/development/Test/demoswiftapp_protected/build/Build/Intermediates.noindex/demoswiftapp.build/Debug-iphoneos/demoswiftapp.build/Objects-normal/arm64/demoswiftapp-master-emit-module.d -o /Users/srinivaspanda/Documents/development/Test/demoswiftapp_protected/build/Build/Intermediates.noindex/demoswiftapp.build/Debug-iphoneos/demoswiftapp.build/Objects-normal/arm64/demoswiftapp.swiftmodule -emit-abi-descriptor-path /Users/srinivaspanda/Documents/development/Test/demoswiftapp_protected/build/Build/Intermediates.noindex/demoswiftapp.build/Debug-iphoneos/demoswiftapp.build/Objects-normal/arm64/demoswiftapp.abi.json

CompileSwift normal arm64 /Users/srinivaspanda/Documents/development/Test/demoswiftapp_protected/demoswiftapp/Helper4Swift.swift (in target 'demoswiftapp' from project 'demoswiftapp')
    cd /Users/srinivaspanda/Documents/development/Test/demoswiftapp_protected
    /Applications/Xcode.app/Contents/Developer/Toolchains/XcodeDefault.xctoolchain/usr/bin/swift-frontend -frontend -emit-bc /Users/srinivaspanda/Documents/development/Test/demoswiftapp_protected/demoswiftapp/Utility.swift /Users/srinivaspanda/Documents/development/Test/demoswiftapp_protected/demoswiftapp/ViewController.swift /Users/srinivaspanda/Documents/development/Test/demoswiftapp_protected/demoswiftapp/MyCallbackContainer.swift /Users/srinivaspanda/Documents/development/Test/demoswiftapp_protected/demoswiftapp/AppDelegate.swift /Users/srinivaspanda/Documents/development/Test/demoswiftapp_protected/demoswiftapp/SceneDelegate.swift -primary-file /Users/srinivaspanda/Documents/development/Test/demoswiftapp_protected/demoswiftapp/Helper4Swift.swift -emit-dependencies-path /Users/srinivaspanda/Documents/development/Test/demoswiftapp_protected/build/Build/Intermediates.noindex/demoswiftapp.build/Debug-iphoneos/demoswiftapp.build/Objects-normal/arm64/Helper4Swift.d -serialize-diagnostics-path /Users/srinivaspanda/Documents/development/Test/demoswiftapp_protected/build/Build/Intermediates.noindex/demoswiftapp.build/Debug-iphoneos/demoswiftapp.build/Objects-normal/arm64/Helper4Swift.dia -target arm64-apple-ios14.0 -Xllvm -aarch64-use-tbi -enable-objc-interop -stack-check -sdk /Applications/Xcode.app/Contents/Developer/Platforms/iPhoneOS.platform/Developer/SDKs/iPhoneOS16.1.sdk -I /Users/srinivaspanda/Documents/development/Test/demoswiftapp_protected/build/Build/Products/Debug-iphoneos -F /Users/srinivaspanda/Documents/development/Test/demoswiftapp_protected/build/Build/Products/Debug-iphoneos -enable-testing -g -module-cache-path /Users/srinivaspanda/Library/Developer/Xcode/DerivedData/ModuleCache.noindex -swift-version 5 -enforce-exclusivity\=checked -Onone -D DEBUG -D __SCP__\=0x2550000 -D __SCP_BITCODE__ -new-driver-path /Applications/Xcode.app/Contents/Developer/Toolchains/XcodeDefault.xctoolchain/usr/bin/swift-driver -serialize-debugging-options -enable-bare-slash-regex -empty-abi-descriptor -resource-dir /Applications/Xcode.app/Contents/Developer/Toolchains/XcodeDefault.xctoolchain/usr/lib/swift -enable-anonymous-context-mangled-names -Xcc -I/Users/srinivaspanda/Documents/development/Test/demoswiftapp_protected/build/Build/Intermediates.noindex/demoswiftapp.build/Debug-iphoneos/demoswiftapp.build/swift-overrides.hmap -Xcc -iquote -Xcc /Users/srinivaspanda/Documents/development/Test/demoswiftapp_protected/build/Build/Intermediates.noindex/demoswiftapp.build/Debug-iphoneos/demoswiftapp.build/demoswiftapp-generated-files.hmap -Xcc -I/Users/srinivaspanda/Documents/development/Test/demoswiftapp_protected/build/Build/Intermediates.noindex/demoswiftapp.build/Debug-iphoneos/demoswiftapp.build/demoswiftapp-own-target-headers.hmap -Xcc -I/Users/srinivaspanda/Documents/development/Test/demoswiftapp_protected/build/Build/Intermediates.noindex/demoswiftapp.build/Debug-iphoneos/demoswiftapp.build/demoswiftapp-all-target-headers.hmap -Xcc -iquote -Xcc /Users/srinivaspanda/Documents/development/Test/demoswiftapp_protected/build/Build/Intermediates.noindex/demoswiftapp.build/Debug-iphoneos/demoswiftapp.build/demoswiftapp-project-headers.hmap -Xcc -I/Users/srinivaspanda/Documents/development/Test/demoswiftapp_protected/build/Build/Products/Debug-iphoneos/include -Xcc -I/Users/srinivaspanda/Documents/development/Test/demoswiftapp_protected/build/Build/Intermediates.noindex/demoswiftapp.build/Debug-iphoneos/demoswiftapp.build/DerivedSources-normal/arm64 -Xcc -I/Users/srinivaspanda/Documents/development/Test/demoswiftapp_protected/build/Build/Intermediates.noindex/demoswiftapp.build/Debug-iphoneos/demoswiftapp.build/DerivedSources/arm64 -Xcc -I/Users/srinivaspanda/Documents/development/Test/demoswiftapp_protected/build/Build/Intermediates.noindex/demoswiftapp.build/Debug-iphoneos/demoswiftapp.build/DerivedSources -Xcc -DDEBUG\=1 -Xcc -working-directory/Users/srinivaspanda/Documents/development/Test/demoswiftapp_protected -module-name demoswiftapp -disable-clang-spi -target-sdk-version 16.1 -o /Users/srinivaspanda/Documents/development/Test/demoswiftapp_protected/build/Build/Intermediates.noindex/demoswiftapp.build/Debug-iphoneos/demoswiftapp.build/Objects-normal/arm64/Helper4Swift.bc -index-store-path /Users/srinivaspanda/Documents/development/Test/demoswiftapp_protected/build/Index.noindex/DataStore -index-system-modules

ProcessInfoPlistFile /Users/srinivaspanda/Documents/development/Test/demoswiftapp_protected/build/Build/Products/Debug-iphoneos/demoswiftapp.app/Info.plist /Users/srinivaspanda/Documents/development/Test/demoswiftapp_protected/demoswiftapp/Info.plist (in target 'demoswiftapp' from project 'demoswiftapp')
    cd /Users/srinivaspanda/Documents/development/Test/demoswiftapp_protected
    builtin-infoPlistUtility /Users/srinivaspanda/Documents/development/Test/demoswiftapp_protected/demoswiftapp/Info.plist -producttype com.apple.product-type.application -genpkginfo /Users/srinivaspanda/Documents/development/Test/demoswiftapp_protected/build/Build/Products/Debug-iphoneos/demoswiftapp.app/PkgInfo -expandbuildsettings -format binary -platform iphoneos -additionalcontentfile /Users/srinivaspanda/Documents/development/Test/demoswiftapp_protected/build/Build/Intermediates.noindex/demoswiftapp.build/Debug-iphoneos/demoswiftapp.build/Base.lproj/LaunchScreen-SBPartialInfo.plist -additionalcontentfile /Users/srinivaspanda/Documents/development/Test/demoswiftapp_protected/build/Build/Intermediates.noindex/demoswiftapp.build/Debug-iphoneos/demoswiftapp.build/Base.lproj/Main-SBPartialInfo.plist -additionalcontentfile /Users/srinivaspanda/Documents/development/Test/demoswiftapp_protected/build/Build/Intermediates.noindex/demoswiftapp.build/Debug-iphoneos/demoswiftapp.build/assetcatalog_generated_info.plist -requiredArchitecture arm64 -o /Users/srinivaspanda/Documents/development/Test/demoswiftapp_protected/build/Build/Products/Debug-iphoneos/demoswiftapp.app/Info.plist

LinkStoryboards (in target 'demoswiftapp' from project 'demoswiftapp')
    cd /Users/srinivaspanda/Documents/development/Test/demoswiftapp_protected
    /Applications/Xcode.app/Contents/Developer/usr/bin/ibtool --errors --warnings --notices --module demoswiftapp --target-device iphone --target-device ipad --minimum-deployment-target 14.0 --output-format human-readable-text --link /Users/srinivaspanda/Documents/development/Test/demoswiftapp_protected/build/Build/Products/Debug-iphoneos/demoswiftapp.app /Users/srinivaspanda/Documents/development/Test/demoswiftapp_protected/build/Build/Intermediates.noindex/demoswiftapp.build/Debug-iphoneos/demoswiftapp.build/Base.lproj/LaunchScreen.storyboardc /Users/srinivaspanda/Documents/development/Test/demoswiftapp_protected/build/Build/Intermediates.noindex/demoswiftapp.build/Debug-iphoneos/demoswiftapp.build/Base.lproj/Main.storyboardc

SwiftMergeGeneratedHeaders /Users/srinivaspanda/Documents/development/Test/demoswiftapp_protected/build/Build/Intermediates.noindex/demoswiftapp.build/Debug-iphoneos/demoswiftapp.build/DerivedSources/demoswiftapp-Swift.h /Users/srinivaspanda/Documents/development/Test/demoswiftapp_protected/build/Build/Intermediates.noindex/demoswiftapp.build/Debug-iphoneos/demoswiftapp.build/Objects-normal/arm64/demoswiftapp-Swift.h (in target 'demoswiftapp' from project 'demoswiftapp')
    cd /Users/srinivaspanda/Documents/development/Test/demoswiftapp_protected
    builtin-swiftHeaderTool -arch arm64 /Users/srinivaspanda/Documents/development/Test/demoswiftapp_protected/build/Build/Intermediates.noindex/demoswiftapp.build/Debug-iphoneos/demoswiftapp.build/Objects-normal/arm64/demoswiftapp-Swift.h -o /Users/srinivaspanda/Documents/development/Test/demoswiftapp_protected/build/Build/Intermediates.noindex/demoswiftapp.build/Debug-iphoneos/demoswiftapp.build/DerivedSources/demoswiftapp-Swift.h

Ld /Users/srinivaspanda/Documents/development/Test/demoswiftapp_protected/build/Build/Products/Debug-iphoneos/demoswiftapp.app/demoswiftapp normal (in target 'demoswiftapp' from project 'demoswiftapp')
    cd /Users/srinivaspanda/Documents/development/Test/demoswiftapp_protected
    /Applications/Code\ Protection.app/Contents/MacOS/scp-bc-ld -target arm64-apple-ios14.0 -isysroot /Applications/Xcode.app/Contents/Developer/Platforms/iPhoneOS.platform/Developer/SDKs/iPhoneOS16.1.sdk -L/Users/srinivaspanda/Documents/development/Test/demoswiftapp_protected/build/Build/Intermediates.noindex/EagerLinkingTBDs -L/Users/srinivaspanda/Documents/development/Test/demoswiftapp_protected/build/Build/Products/Debug-iphoneos -F/Users/srinivaspanda/Documents/development/Test/demoswiftapp_protected/build/Build/Intermediates.noindex/EagerLinkingTBDs -F/Users/srinivaspanda/Documents/development/Test/demoswiftapp_protected/build/Build/Products/Debug-iphoneos -filelist /Users/srinivaspanda/Documents/development/Test/demoswiftapp_protected/build/Build/Intermediates.noindex/demoswiftapp.build/Debug-iphoneos/demoswiftapp.build/Objects-normal/arm64/demoswiftapp.LinkFileList -Xlinker -rpath -Xlinker /usr/lib/swift -Xlinker -rpath -Xlinker @executable_path/Frameworks -dead_strip -Xlinker -object_path_lto -Xlinker /Users/srinivaspanda/Documents/development/Test/demoswiftapp_protected/build/Build/Intermediates.noindex/demoswiftapp.build/Debug-iphoneos/demoswiftapp.build/Objects-normal/arm64/demoswiftapp_lto.o -Xlinker -export_dynamic -Xlinker -no_deduplicate -Xlinker -final_output -Xlinker /Applications/demoswiftapp.app/demoswiftapp -fobjc-link-runtime -L/Applications/Xcode.app/Contents/Developer/Toolchains/XcodeDefault.xctoolchain/usr/lib/swift/iphoneos -L/usr/lib/swift -Xlinker -add_ast_path -Xlinker /Users/srinivaspanda/Documents/development/Test/demoswiftapp_protected/build/Build/Intermediates.noindex/demoswiftapp.build/Debug-iphoneos/demoswiftapp.build/Objects-normal/arm64/demoswiftapp.swiftmodule -Xlinker -no_adhoc_codesign -Xlinker -dependency_info -Xlinker /Users/srinivaspanda/Documents/development/Test/demoswiftapp_protected/build/Build/Intermediates.noindex/demoswiftapp.build/Debug-iphoneos/demoswiftapp.build/Objects-normal/arm64/demoswiftapp_dependency_info.dat -o /Users/srinivaspanda/Documents/development/Test/demoswiftapp_protected/build/Build/Products/Debug-iphoneos/demoswiftapp.app/demoswiftapp
--- xcodebuild: WARNING: Using the first of multiple matching destinations:
{ platform:iOS, id:dvtdevice-DVTiPhonePlaceholder-iphoneos:placeholder, name:Any iOS Device }
{ platform:macOS, arch:arm64, variant:Designed for [iPad,iPhone], id:00008103-000A04583A3B001E }
{ platform:iOS Simulator, id:dvtdevice-DVTiOSDeviceSimulatorPlaceholder-iphonesimulator:placeholder, name:Any iOS Simulator Device }
{ platform:iOS Simulator, id:53C677D0-2988-4E85-A746-9B37171B1E80, OS:16.1, name:iPad (10th generation) }
{ platform:iOS Simulator, id:4060136A-1962-432D-8144-CE0FD2603858, OS:16.1, name:iPad Air (5th generation) }
{ platform:iOS Simulator, id:40F4B7E2-971F-4F56-9BF0-FB413F4A7041, OS:16.1, name:iPad Pro (11-inch) (4th generation) }
{ platform:iOS Simulator, id:0C2F3138-3AB6-4FA6-8427-9A2C1DE80002, OS:16.1, name:iPad Pro (12.9-inch) (6th generation) }
{ platform:iOS Simulator, id:26E482F8-B1B3-4A64-A422-9424BE713D10, OS:16.1, name:iPad mini (6th generation) }
{ platform:iOS Simulator, id:329DDB12-739D-4568-83DB-ADA2FA212454, OS:16.1, name:iPhone 14 }
{ platform:iOS Simulator, id:76B101E9-B1B0-40A9-AAAB-483165AEB146, OS:16.1, name:iPhone 14 Plus }
{ platform:iOS Simulator, id:9F3137BE-E783-4A8F-8537-F86E2873780C, OS:16.1, name:iPhone 14 Pro }
{ platform:iOS Simulator, id:C0298916-51E7-4236-A0E3-40CC79FC8721, OS:16.1, name:iPhone 14 Pro Max }
{ platform:iOS Simulator, id:CA17FA7C-02B2-4A4B-9217-07A6FE184D14, OS:16.1, name:iPhone SE (3rd generation) }
--- xcodebuild: WARNING: Using the first of multiple matching destinations:
{ platform:iOS, id:dvtdevice-DVTiPhonePlaceholder-iphoneos:placeholder, name:Any iOS Device }
{ platform:macOS, arch:arm64, variant:Designed for [iPad,iPhone], id:00008103-000A04583A3B001E }
{ platform:iOS Simulator, id:dvtdevice-DVTiOSDeviceSimulatorPlaceholder-iphonesimulator:placeholder, name:Any iOS Simulator Device }
{ platform:iOS Simulator, id:53C677D0-2988-4E85-A746-9B37171B1E80, OS:16.1, name:iPad (10th generation) }
{ platform:iOS Simulator, id:4060136A-1962-432D-8144-CE0FD2603858, OS:16.1, name:iPad Air (5th generation) }
{ platform:iOS Simulator, id:40F4B7E2-971F-4F56-9BF0-FB413F4A7041, OS:16.1, name:iPad Pro (11-inch) (4th generation) }
{ platform:iOS Simulator, id:0C2F3138-3AB6-4FA6-8427-9A2C1DE80002, OS:16.1, name:iPad Pro (12.9-inch) (6th generation) }
{ platform:iOS Simulator, id:26E482F8-B1B3-4A64-A422-9424BE713D10, OS:16.1, name:iPad mini (6th generation) }
{ platform:iOS Simulator, id:329DDB12-739D-4568-83DB-ADA2FA212454, OS:16.1, name:iPhone 14 }
{ platform:iOS Simulator, id:76B101E9-B1B0-40A9-AAAB-483165AEB146, OS:16.1, name:iPhone 14 Plus }
{ platform:iOS Simulator, id:9F3137BE-E783-4A8F-8537-F86E2873780C, OS:16.1, name:iPhone 14 Pro }
{ platform:iOS Simulator, id:C0298916-51E7-4236-A0E3-40CC79FC8721, OS:16.1, name:iPhone 14 Pro Max }
{ platform:iOS Simulator, id:CA17FA7C-02B2-4A4B-9217-07A6FE184D14, OS:16.1, name:iPhone SE (3rd generation) }
Undefined symbols for architecture arm64:
  "_$s19MyCallbackContainer08debuggerB0yyF", referenced from:
      _$s12demoswiftapp3H4SV14showBasicAlert2vc5title7message11buttonTitleySo16UIViewControllerC_SSSgAKSStFZ in Helper4Swift.o
  "_$s19MyCallbackContainer09integrityB0yyF", referenced from:
      _$s12demoswiftapp14ViewControllerC13encodePressedyyypF in ViewController.o
      _main in AppDelegate.o
      _$s12demoswiftapp13SceneDelegateC5scene_13willConnectTo7optionsySo7UISceneC_So0I7SessionCSo0I17ConnectionOptionsCtF in SceneDelegate.o
      _$s12demoswiftapp3H4SV9showAlert2vc_5title4body12dismissAfter11buttonTitle10completionySo16UIViewControllerCSg_AC0D4TypeOSSSgAPSdSgAPyycSgtFZ in Helper4Swift.o
      _$s12demoswiftapp3H4SV14showBasicAlert2vc5title7message11buttonTitleySo16UIViewControllerC_SSSgAKSStFZ in Helper4Swift.o
      _$s12demoswiftapp3H4SV19showTwoActionsAlert2vc5title7message9btn1Title04btn2K00J7HandlerySo16UIViewControllerCSg_SSSgANS2SyycSgtFZ in Helper4Swift.o
      _$s12demoswiftapp3H4SV17feedbackGenerator4typeyAC10ImpactTypeO_tFZ in Helper4Swift.o
      ...
  "_$s19MyCallbackContainer09swizzlingB0yyF", referenced from:
      _$s12demoswiftapp3H4SV9showAlert2vc_5title4body12dismissAfter11buttonTitle10completionySo16UIViewControllerCSg_AC0D4TypeOSSSgAPSdSgAPyycSgtFZ in Helper4Swift.o
      _$s12demoswiftapp3H4SV14showBasicAlert2vc5title7message11buttonTitleySo16UIViewControllerC_SSSgAKSStFZ in Helper4Swift.o
      _$s12demoswiftapp3H4SV9AlertTypeOwet in Helper4Swift.o
ld: symbol(s) not found for architecture arm64
clang: error: linker command failed with exit code 1 (use -v to see invocation)
ERROR: The following exception(s) occurred:
Executable returned a non-zero code!
/Users/buildbot/buildslave/ws/scp-macos-builder/build/Release/analysis/Source/narwhal-utils/ProgUtils.cpp(493): exception 60003 Executable failed: '/Applications/Xcode.app/Contents/Developer/Toolchains/XcodeDefault.xctoolchain/usr/bin/clang -target arm64-apple-ios14.0 -isysroot /Applications/Xcode.app/Contents/Developer/Platforms/iPhoneOS.platform/Developer/SDKs/iPhoneOS16.1.sdk -L/Users/srinivaspanda/Documents/development/Test/demoswiftapp_protected/build/Build/Intermediates.noindex/EagerLinkingTBDs -L/Users/srinivaspanda/Documents/development/Test/demoswiftapp_protected/build/Build/Products/Debug-iphoneos -F/Users/srinivaspanda/Documents/development/Test/demoswiftapp_protected/build/Build/Intermediates.noindex/EagerLinkingTBDs -F/Users/srinivaspanda/Documents/development/Test/demoswiftapp_protected/build/Build/Products/Debug-iphoneos -filelist /Users/srinivaspanda/Documents/development/Test/demoswiftapp_protected/build/Build/Intermediates.noindex/demoswiftapp.build/Debug-iphoneos/demoswiftapp.build/Objects-normal/arm64/demoswiftapp.LinkFileList -Xlinker -rpath -Xlinker /usr/lib/swift -Xlinker -rpath -Xlinker @executable_path/Frameworks -dead_strip -Xlinker -object_path_lto -Xlinker /Users/srinivaspanda/Documents/development/Test/demoswiftapp_protected/build/Build/Intermediates.noindex/demoswiftapp.build/Debug-iphoneos/demoswiftapp.build/Objects-normal/arm64/demoswiftapp_lto.o -Xlinker -export_dynamic -Xlinker -no_deduplicate -Xlinker -final_output -Xlinker /Applications/demoswiftapp.app/demoswiftapp -fobjc-link-runtime -L/Applications/Xcode.app/Contents/Developer/Toolchains/XcodeDefault.xctoolchain/usr/lib/swift/iphoneos -L/usr/lib/swift -Xlinker -add_ast_path -Xlinker /Users/srinivaspanda/Documents/development/Test/demoswiftapp_protected/build/Build/Intermediates.noindex/demoswiftapp.build/Debug-iphoneos/demoswiftapp.build/Objects-normal/arm64/demoswiftapp.swiftmodule -Xlinker -no_adhoc_codesign -Xlinker -dependency_info -Xlinker /Users/srinivaspanda/Documents/development/Test/demoswiftapp_protected/build/Build/Intermediates.noindex/demoswiftapp.build/Debug-iphoneos/demoswiftapp.build/Objects-normal/arm64/demoswiftapp_dependency_info.dat -D__SCP__=0x2550000 -D__SCP_BITCODE__ -o /Users/srinivaspanda/Documents/development/Test/demoswiftapp_protected/build/Build/Products/Debug-iphoneos/demoswiftapp.app/demoswiftapp': 


Copy /Users/srinivaspanda/Documents/development/Test/demoswiftapp_protected/build/Build/Products/Debug-iphoneos/demoswiftapp.swiftmodule/arm64-apple-ios.swiftdoc /Users/srinivaspanda/Documents/development/Test/demoswiftapp_protected/build/Build/Intermediates.noindex/demoswiftapp.build/Debug-iphoneos/demoswiftapp.build/Objects-normal/arm64/demoswiftapp.swiftdoc (in target 'demoswiftapp' from project 'demoswiftapp')
    cd /Users/srinivaspanda/Documents/development/Test/demoswiftapp_protected
    builtin-copy -exclude .DS_Store -exclude CVS -exclude .svn -exclude .git -exclude .hg -resolve-src-symlinks -rename /Users/srinivaspanda/Documents/development/Test/demoswiftapp_protected/build/Build/Intermediates.noindex/demoswiftapp.build/Debug-iphoneos/demoswiftapp.build/Objects-normal/arm64/demoswiftapp.swiftdoc /Users/srinivaspanda/Documents/development/Test/demoswiftapp_protected/build/Build/Products/Debug-iphoneos/demoswiftapp.swiftmodule/arm64-apple-ios.swiftdoc

Copy /Users/srinivaspanda/Documents/development/Test/demoswiftapp_protected/build/Build/Products/Debug-iphoneos/demoswiftapp.swiftmodule/arm64-apple-ios.swiftmodule /Users/srinivaspanda/Documents/development/Test/demoswiftapp_protected/build/Build/Intermediates.noindex/demoswiftapp.build/Debug-iphoneos/demoswiftapp.build/Objects-normal/arm64/demoswiftapp.swiftmodule (in target 'demoswiftapp' from project 'demoswiftapp')
    cd /Users/srinivaspanda/Documents/development/Test/demoswiftapp_protected
    builtin-copy -exclude .DS_Store -exclude CVS -exclude .svn -exclude .git -exclude .hg -resolve-src-symlinks -rename /Users/srinivaspanda/Documents/development/Test/demoswiftapp_protected/build/Build/Intermediates.noindex/demoswiftapp.build/Debug-iphoneos/demoswiftapp.build/Objects-normal/arm64/demoswiftapp.swiftmodule /Users/srinivaspanda/Documents/development/Test/demoswiftapp_protected/build/Build/Products/Debug-iphoneos/demoswiftapp.swiftmodule/arm64-apple-ios.swiftmodule

Copy /Users/srinivaspanda/Documents/development/Test/demoswiftapp_protected/build/Build/Products/Debug-iphoneos/demoswiftapp.swiftmodule/Project/arm64-apple-ios.swiftsourceinfo /Users/srinivaspanda/Documents/development/Test/demoswiftapp_protected/build/Build/Intermediates.noindex/demoswiftapp.build/Debug-iphoneos/demoswiftapp.build/Objects-normal/arm64/demoswiftapp.swiftsourceinfo (in target 'demoswiftapp' from project 'demoswiftapp')
    cd /Users/srinivaspanda/Documents/development/Test/demoswiftapp_protected
    builtin-copy -exclude .DS_Store -exclude CVS -exclude .svn -exclude .git -exclude .hg -resolve-src-symlinks -rename /Users/srinivaspanda/Documents/development/Test/demoswiftapp_protected/build/Build/Intermediates.noindex/demoswiftapp.build/Debug-iphoneos/demoswiftapp.build/Objects-normal/arm64/demoswiftapp.swiftsourceinfo /Users/srinivaspanda/Documents/development/Test/demoswiftapp_protected/build/Build/Products/Debug-iphoneos/demoswiftapp.swiftmodule/Project/arm64-apple-ios.swiftsourceinfo

** BUILD FAILED **


The following build commands failed:
	Ld /Users/srinivaspanda/Documents/development/Test/demoswiftapp_protected/build/Build/Products/Debug-iphoneos/demoswiftapp.app/demoswiftapp normal (in target 'demoswiftapp' from project 'demoswiftapp')
(1 failure)
ERROR: The following exception(s) occurred:
Executable returned a non-zero code!
/Users/buildbot/buildslave/ws/scp-macos-builder/build/Release/analysis/Source/narwhal-utils/ProgUtils.cpp(493): exception 60003 Executable failed: '/Applications/Xcode.app/Contents/Developer/usr/bin/xcodebuild clean build -project /Users/srinivaspanda/Documents/development/Test/demoswiftapp_protected/demoswiftapp.xcodeproj -scheme demoswiftapp -destination generic/platform=iOS -derivedDataPath /Users/srinivaspanda/Documents/development/Test/demoswiftapp_protected/build -IDEBuildOperationMaxNumberOfConcurrentCompileTasks=8 GCC_PRECOMPILE_PREFIX_HEADER=NO RUN_CLANG_STATIC_ANALYZER=NO MODULE_CACHE_DIR=/Users/srinivaspanda/Library/Developer/Xcode/DerivedData/ModuleCache.noindex STRIP_INSTALLED_PRODUCT=YES STRIP_SWIFT_SYMBOLS=YES DEBUG_INFORMATION_FORMAT=dwarf-with-dsym DEPLOYMENT_POSTPROCESSING=YES ENABLE_BITCODE=NO SWIFT_EXEC=/Applications/Code Protection.app/Contents/MacOS/scp-bc-swiftc CC=/Applications/Code Protection.app/Contents/MacOS/scp-bc-clang CXX=/Applications/Code Protection.app/Contents/MacOS/scp-bc-clang++ LD=/Applications/Code Protection.app/Contents/MacOS/scp-bc-ld LDPLUSPLUS=/Applications/Code Protection.app/Contents/MacOS/scp-bc-ld++ LIPO=/Applications/Code Protection.app/Contents/MacOS/scp-bc-lipo': 


> FAILURE

